Arguments: 
  D:\nodejs\node.exe C:\Users\86101\AppData\Roaming\npm\node_modules\yarn\bin\yarn.js add boboidream/vuepress-bar -D

PATH: 
  C:\Program Files\Common Files\Oracle\Java\javapath;C:\Windows\system32;C:\Windows;C:\Windows\System32\Wbem;C:\Windows\System32\WindowsPowerShell\v1.0\;C:\Windows\System32\OpenSSH\;C:\Program Files\Intel\WiFi\bin\;C:\Program Files\Common Files\Intel\WirelessCommon\;D:\Git\cmd;D:\nvm;D:\nodejs;D:\xampp\php;D:\composer;C:\Users\86101\AppData\Local\Programs\Python\Python38\Scripts\;C:\Users\86101\AppData\Local\Programs\Python\Python38\;C:\Users\86101\AppData\Local\Microsoft\WindowsApps;C:\Users\86101\AppData\Roaming\npm;D:\Flutter\bin;D:\jdk-16\bin;D:\jdk-16\jre\bin;D:\Android\sdk\platform-tools;D:\Android\sdk\tools;D:\Android\sdk\build-tools\29.0.3;D:\nvm;D:\nodejs;D:\WebStorm 2020.3\bin;;D:\Microsoft VS Code\bin;C:\Users\86101\AppData\Roaming\Composer\vendor\bin;D:\IntelliJ IDEA 2021.1\bin;;D:\Maven\apache-maven-3.8.1\bin;D:\gradle-7.0\bin;

Yarn version: 
  1.22.10

Node version: 
  14.15.0

Platform: 
  win32 x64

Trace: 
  Error: getaddrinfo ENOENT raw.githubusercontent.com
      at GetAddrInfoReqWrap.onlookup [as oncomplete] (dns.js:67:26)

npm manifest: 
  {
    "name": "geekape-blog",
    "version": "1.0.0",
    "description": "",
    "main": "index.js",
    "directories": {
      "doc": "docs"
    },
    "scripts": {
      "dev": "vuepress dev ./docs",
      "build": "vuepress build ./docs",
      "test": "echo \"Error: no test specified\" && exit 1"
    },
    "repository": {
      "type": "git",
      "url": "https://github.com.cnpmjs.org/geekape/geekape.github.io.git"
    },
    "author": "",
    "license": "ISC",
    "devDependencies": {
      "vuepress": "^1.8.2"
    }
  }

yarn manifest: 
  No manifest

Lockfile: 
  No lockfile
